[15:02:12] [main/WARN]: Ambiguity between arguments [teleport, location] and [teleport, destination] with inputs: [0.1 -0.5 .9, 0 0 0]
[15:02:12] [main/WARN]: Ambiguity between arguments [teleport, location] and [teleport, targets] with inputs: [0.1 -0.5 .9, 0 0 0]
[15:02:12] [main/WARN]: Ambiguity between arguments [teleport, targets] and [teleport, destination] with inputs: [Player, 0123, dd12be42-52a9-4a91-a8a1-11c01849e498]
[15:02:12] [main/WARN]: Ambiguity between arguments [teleport, targets, location] and [teleport, targets, destination] with inputs: [0.1 -0.5 .9, 0 0 0]
[15:02:12] [Server thread/INFO]: Starting minecraft server version 1.14.3
[15:02:12] [Server thread/INFO]: Loading properties
[15:02:12] [Server thread/INFO]: Default game type: SURVIVAL
[15:02:12] [Server thread/INFO]: Generating keypair
[15:02:13] [Server thread/INFO]: Starting Minecraft server on 87.252.241.9:25565
[15:02:13] [Server thread/INFO]: Using epoll channel type
[15:02:13] [Server thread/WARN]: **** SERVER IS RUNNING IN OFFLINE/INSECURE MODE!
[15:02:13] [Server thread/WARN]: The server will make no attempt to authenticate usernames. Beware.
[15:02:13] [Server thread/WARN]: While this makes the game possible to play without internet access, it also opens up the ability for hackers to connect with any username they choose.
[15:02:13] [Server thread/WARN]: To change this, set "online-mode" to "true" in the server.properties file.
[15:02:13] [Server thread/INFO]: Preparing level "world"
[15:02:13] [Server thread/INFO]: Reloading ResourceManager: Default
[15:02:16] [Server thread/INFO]: Loaded 6 recipes
[15:02:17] [Server thread/INFO]: Loaded 811 advancements
[15:02:19] [Server thread/INFO]: Preparing start region for dimension minecraft:overworld
[15:02:25] [Server thread/INFO]: Preparing spawn area: 0%
[15:02:25] [Server thread/INFO]: Preparing spawn area: 0%
[15:02:25] [Server thread/INFO]: Preparing spawn area: 0%
[15:02:25] [Server thread/INFO]: Preparing spawn area: 0%
[15:02:25] [Server thread/INFO]: Preparing spawn area: 0%
[15:02:25] [Server thread/INFO]: Preparing spawn area: 0%
[15:02:25] [Server thread/INFO]: Preparing spawn area: 0%
[15:02:25] [Server thread/INFO]: Preparing spawn area: 0%
[15:02:25] [Server thread/INFO]: Preparing spawn area: 0%
[15:02:25] [Server thread/INFO]: Preparing spawn area: 0%
[15:02:25] [Server thread/INFO]: Preparing spawn area: 0%
[15:02:25] [Server thread/INFO]: Preparing spawn area: 0%
[15:02:25] [Server thread/INFO]: Preparing spawn area: 0%
[15:02:25] [Server thread/INFO]: Preparing spawn area: 0%
[15:02:40] [Server-Worker-3/INFO]: Preparing spawn area: 0%
[15:02:40] [Server-Worker-2/INFO]: Preparing spawn area: 0%
[15:02:40] [Server-Worker-2/INFO]: Preparing spawn area: 0%
[15:02:40] [Server-Worker-2/INFO]: Preparing spawn area: 0%
[15:02:40] [Server-Worker-2/INFO]: Preparing spawn area: 0%
[15:02:40] [Server-Worker-2/INFO]: Preparing spawn area: 0%
[15:02:40] [Server-Worker-2/INFO]: Preparing spawn area: 0%
[15:02:40] [Server-Worker-2/INFO]: Preparing spawn area: 0%
[15:02:40] [Server-Worker-2/INFO]: Preparing spawn area: 0%
[15:02:40] [Server-Worker-2/INFO]: Preparing spawn area: 0%
[15:02:40] [Server-Worker-2/INFO]: Preparing spawn area: 0%
[15:02:40] [Server-Worker-2/INFO]: Preparing spawn area: 0%
[15:02:40] [Server-Worker-2/INFO]: Preparing spawn area: 0%
[15:02:40] [Server-Worker-2/INFO]: Preparing spawn area: 0%
[15:02:40] [Server-Worker-2/INFO]: Preparing spawn area: 0%
[15:02:40] [Server-Worker-2/INFO]: Preparing spawn area: 0%
[15:02:40] [Server-Worker-2/INFO]: Preparing spawn area: 0%
[15:02:40] [Server-Worker-2/INFO]: Preparing spawn area: 0%
[15:02:40] [Server-Worker-2/INFO]: Preparing spawn area: 0%
[15:02:40] [Server-Worker-2/INFO]: Preparing spawn area: 0%
[15:02:40] [Server-Worker-2/INFO]: Preparing spawn area: 0%
[15:02:40] [Server-Worker-2/INFO]: Preparing spawn area: 0%
[15:02:40] [Server-Worker-2/INFO]: Preparing spawn area: 0%
[15:02:40] [Server-Worker-2/INFO]: Preparing spawn area: 0%
[15:02:40] [Server-Worker-2/INFO]: Preparing spawn area: 0%
[15:02:40] [Server-Worker-3/INFO]: Preparing spawn area: 0%
[15:02:40] [Server-Worker-3/INFO]: Preparing spawn area: 0%
[15:02:40] [Server-Worker-1/INFO]: Preparing spawn area: 0%
[15:02:40] [Server-Worker-1/INFO]: Preparing spawn area: 0%
[15:02:40] [Server thread/INFO]: Preparing spawn area: 0%
[15:02:41] [Server thread/INFO]: Preparing spawn area: 94%
[15:02:41] [Server thread/INFO]: Time elapsed: 22106 ms
[15:02:41] [Server thread/INFO]: Done (27.361s)! For help, type "help"
